# JRE version: OpenJDK Runtime Environment (17.0.9) (build 17.0.9+0--11185874)
# Java VM: OpenJDK 64-Bit Server VM (17.0.9+0--11185874, mixed mode, tiered, compressed oops, compressed class ptrs, g1 gc, windows-amd64)
GC Precious Log:
 CPUs: 4 total, 4 available
 Memory: 6059M
 Large Page Support: Disabled
 NUMA Support: Disabled
 Compressed Oops: Enabled (32-bit)
 Heap Region Size: 1M
 Heap Min Capacity: 8M
 Heap Initial Capacity: 96M
 Heap Max Capacity: 2G
 Pre-touch: Disabled
 Parallel Workers: 4
 Concurrent Workers: 1
 Concurrent Refinement Workers: 4
 Periodic GC: Disabled
Heap:
 garbage-first heap   total 466944K, used 252307K [0x0000000080000000, 0x0000000100000000)
  region size 1024K, 17 young (17408K), 17 survivors (17408K)
 Metaspace       used 137000K, committed 137920K, reserved 1179648K
  class space    used 18196K, committed 18624K, reserved 1048576K
GC Heap History (20 events):
Event: 353.636 GC heap after
{Heap after GC invocations=125 (full 0):
 garbage-first heap   total 466944K, used 195712K [0x0000000080000000, 0x0000000100000000)
  region size 1024K, 9 young (9216K), 9 survivors (9216K)
 Metaspace       used 136814K, committed 137728K, reserved 1179648K
  class space    used 18190K, committed 18624K, reserved 1048576K
}
Event: 355.193 GC heap before
{Heap before GC invocations=125 (full 0):
 garbage-first heap   total 466944K, used 402560K [0x0000000080000000, 0x0000000100000000)
  region size 1024K, 209 young (214016K), 9 survivors (9216K)
 Metaspace       used 136875K, committed 137792K, reserved 1179648K
  class space    used 18190K, committed 18624K, reserved 1048576K
}
Event: 355.213 GC heap after
{Heap after GC invocations=126 (full 0):
 garbage-first heap   total 466944K, used 195206K [0x0000000080000000, 0x0000000100000000)
  region size 1024K, 8 young (8192K), 8 survivors (8192K)
 Metaspace       used 136875K, committed 137792K, reserved 1179648K
  class space    used 18190K, committed 18624K, reserved 1048576K
}
Event: 356.363 GC heap before
{Heap before GC invocations=126 (full 0):
 garbage-first heap   total 466944K, used 403078K [0x0000000080000000, 0x0000000100000000)
  region size 1024K, 211 young (216064K), 8 survivors (8192K)
 Metaspace       used 136931K, committed 137856K, reserved 1179648K
  class space    used 18190K, committed 18624K, reserved 1048576K
}
Event: 356.383 GC heap after
{Heap after GC invocations=127 (full 0):
 garbage-first heap   total 466944K, used 196596K [0x0000000080000000, 0x0000000100000000)
  region size 1024K, 9 young (9216K), 9 survivors (9216K)
 Metaspace       used 136931K, committed 137856K, reserved 1179648K
  class space    used 18190K, committed 18624K, reserved 1048576K
}
Event: 357.672 GC heap before
{Heap before GC invocations=127 (full 0):
 garbage-first heap   total 466944K, used 404468K [0x0000000080000000, 0x0000000100000000)
  region size 1024K, 212 young (217088K), 9 survivors (9216K)
 Metaspace       used 136943K, committed 137856K, reserved 1179648K
  class space    used 18191K, committed 18624K, reserved 1048576K
}
Event: 357.692 GC heap after
{Heap after GC invocations=128 (full 0):
 garbage-first heap   total 466944K, used 195984K [0x0000000080000000, 0x0000000100000000)
  region size 1024K, 9 young (9216K), 9 survivors (9216K)
 Metaspace       used 136943K, committed 137856K, reserved 1179648K
  class space    used 18191K, committed 18624K, reserved 1048576K
}
Event: 359.168 GC heap before
{Heap before GC invocations=128 (full 0):
 garbage-first heap   total 466944K, used 406928K [0x0000000080000000, 0x0000000100000000)
  region size 1024K, 215 young (220160K), 9 survivors (9216K)
 Metaspace       used 136960K, committed 137856K, reserved 1179648K
  class space    used 18191K, committed 18624K, reserved 1048576K
}
Event: 359.195 GC heap after
{Heap after GC invocations=129 (full 0):
 garbage-first heap   total 466944K, used 197632K [0x0000000080000000, 0x0000000100000000)
  region size 1024K, 10 young (10240K), 10 survivors (10240K)
 Metaspace       used 136960K, committed 137856K, reserved 1179648K
  class space    used 18191K, committed 18624K, reserved 1048576K
}
Event: 361.349 GC heap before
{Heap before GC invocations=129 (full 0):
 garbage-first heap   total 466944K, used 409600K [0x0000000080000000, 0x0000000100000000)
  region size 1024K, 216 young (221184K), 10 survivors (10240K)
 Metaspace       used 136971K, committed 137856K, reserved 1179648K
  class space    used 18191K, committed 18624K, reserved 1048576K
}
Event: 361.383 GC heap after
{Heap after GC invocations=130 (full 0):
 garbage-first heap   total 466944K, used 211395K [0x0000000080000000, 0x0000000100000000)
  region size 1024K, 23 young (23552K), 23 survivors (23552K)
 Metaspace       used 136971K, committed 137856K, reserved 1179648K
  class space    used 18191K, committed 18624K, reserved 1048576K
}
Event: 362.606 GC heap before
{Heap before GC invocations=130 (full 0):
 garbage-first heap   total 466944K, used 395715K [0x0000000080000000, 0x0000000100000000)
  region size 1024K, 203 young (207872K), 23 survivors (23552K)
 Metaspace       used 136979K, committed 137856K, reserved 1179648K
  class space    used 18191K, committed 18624K, reserved 1048576K
}
Event: 362.653 GC heap after
{Heap after GC invocations=131 (full 0):
 garbage-first heap   total 466944K, used 222420K [0x0000000080000000, 0x0000000100000000)
  region size 1024K, 25 young (25600K), 25 survivors (25600K)
 Metaspace       used 136979K, committed 137856K, reserved 1179648K
  class space    used 18191K, committed 18624K, reserved 1048576K
}
Event: 363.269 GC heap before
{Heap before GC invocations=131 (full 0):
 garbage-first heap   total 466944K, used 391380K [0x0000000080000000, 0x0000000100000000)
  region size 1024K, 190 young (194560K), 25 survivors (25600K)
 Metaspace       used 136988K, committed 137920K, reserved 1179648K
  class space    used 18194K, committed 18624K, reserved 1048576K
}
Event: 363.309 GC heap after
{Heap after GC invocations=132 (full 0):
 garbage-first heap   total 466944K, used 231289K [0x0000000080000000, 0x0000000100000000)
  region size 1024K, 11 young (11264K), 11 survivors (11264K)
 Metaspace       used 136988K, committed 137920K, reserved 1179648K
  class space    used 18194K, committed 18624K, reserved 1048576K
}
Event: 363.821 GC heap before
{Heap before GC invocations=132 (full 0):
 garbage-first heap   total 466944K, used 391033K [0x0000000080000000, 0x0000000100000000)
  region size 1024K, 167 young (171008K), 11 survivors (11264K)
 Metaspace       used 136990K, committed 137920K, reserved 1179648K
  class space    used 18194K, committed 18624K, reserved 1048576K
}
Event: 363.859 GC heap after
{Heap after GC invocations=133 (full 0):
 garbage-first heap   total 466944K, used 236921K [0x0000000080000000, 0x0000000100000000)
  region size 1024K, 17 young (17408K), 17 survivors (17408K)
 Metaspace       used 136990K, committed 137920K, reserved 1179648K
  class space    used 18194K, committed 18624K, reserved 1048576K
}
Event: 364.297 GC heap before
{Heap before GC invocations=133 (full 0):
 garbage-first heap   total 466944K, used 392569K [0x0000000080000000, 0x0000000100000000)
  region size 1024K, 169 young (173056K), 17 survivors (17408K)
 Metaspace       used 136994K, committed 137920K, reserved 1179648K
  class space    used 18194K, committed 18624K, reserved 1048576K
}
Event: 364.335 GC heap after
{Heap after GC invocations=134 (full 0):
 garbage-first heap   total 466944K, used 244691K [0x0000000080000000, 0x0000000100000000)
  region size 1024K, 15 young (15360K), 15 survivors (15360K)
 Metaspace       used 136994K, committed 137920K, reserved 1179648K
  class space    used 18194K, committed 18624K, reserved 1048576K
}
Event: 364.702 GC heap before
{Heap before GC invocations=134 (full 0):
 garbage-first heap   total 466944K, used 392147K [0x0000000080000000, 0x0000000100000000)
  region size 1024K, 159 young (162816K), 15 survivors (15360K)
 Metaspace       used 137000K, committed 137920K, reserved 1179648K
  class space    used 18196K, committed 18624K, reserved 1048576K
}

